<?xml version="1.0" encoding="UTF-8"?>
<testng-results ignored="0" total="1" passed="1" failed="0" skipped="0">
  <reporter-output>
  </reporter-output>
  <suite started-at="2024-01-29T10:30:24 IST" name="Default suite" finished-at="2024-01-29T10:30:53 IST" duration-ms="28915">
    <groups>
    </groups>
    <test started-at="2024-01-29T10:30:24 IST" name="Default test" finished-at="2024-01-29T10:30:53 IST" duration-ms="28915">
      <class name="adnabupackage.AdNabuTestStore">
        <test-method signature="f()[pri:0, instance:adnabupackage.AdNabuTestStore@4efac082]" started-at="2024-01-29T10:30:24 IST" name="f" finished-at="2024-01-29T10:30:53 IST" duration-ms="28814" status="PASS">
          <reporter-output>
          </reporter-output>
        </test-method> <!-- f -->
      </class> <!-- adnabupackage.AdNabuTestStore -->
    </test> <!-- Default test -->
  </suite> <!-- Default suite -->
</testng-results>
